[INFO] 11:45:24:707 Game-watch-client/(25165:25165): Programa TP0 iniciado
[INFO] 11:45:28:671 Game-watch-client/(25165:25165): hola
[INFO] 11:46:03:537 Game-watch-client/(25198:25198): Programa TP0 iniciado
[INFO] 11:46:08:575 Game-watch-client/(25198:25198): holaManola
[INFO] 11:50:54:856 Game-watch-client/(25286:25286): Programa TP0 iniciado
[INFO] 11:51:01:965 Game-watch-client/(25286:25286): limpieza
[INFO] 11:55:02:77 Game-watch-client/(25396:25396): Programa TP0 iniciado
[INFO] 12:00:59:157 Game-watch-client/(25531:25531): Programa TP0 iniciado
[INFO] 12:03:11:816 Game-watch-client/(25595:25595): Programa TP0 iniciado
[INFO] 12:04:16:505 Game-watch-client/(25654:25654): Programa TP0 iniciado
[INFO] 12:05:26:533 Game-watch-client/(25692:25692): Programa TP0 iniciado
[INFO] 12:06:28:433 Game-watch-client/(25758:25758): Programa TP0 iniciado
[INFO] 12:08:49:868 Game-watch-client/(25837:25837): Programa TP0 iniciado
[INFO] 12:13:48:940 Game-watch-client/(25972:25972): Programa TP0 iniciado
[INFO] 12:46:01:249 Game-watch-client/(26530:26530): Programa TP0 iniciado
[INFO] 12:49:27:47 Game-watch-client/(26630:26630): Programa TP0 iniciado
[INFO] 12:49:31:273 Game-watch-client/(26630:26630): hola
[INFO] 13:04:19:632 Game-watch-client/(26893:26893): Programa TP0 iniciado
[INFO] 13:04:25:372 Game-watch-client/(26893:26893): hola
[INFO] 13:05:07:336 Game-watch-client/(26935:26935): Programa TP0 iniciado
[INFO] 13:05:12:139 Game-watch-client/(26935:26935): hola
[INFO] 13:05:46:667 Game-watch-client/(26972:26972): Programa TP0 iniciado
[INFO] 13:05:49:430 Game-watch-client/(26972:26972): hola
[INFO] 13:11:34:872 Game-watch-client/(27110:27110): Programa TP0 iniciado
[INFO] 13:11:38:735 Game-watch-client/(27110:27110): hola
[INFO] 13:17:19:828 Game-watch-client/(27250:27250): Programa TP0 iniciado
[INFO] 13:17:23:133 Game-watch-client/(27250:27250): hola
[INFO] 13:18:38:547 Game-watch-client/(27304:27304): Programa TP0 iniciado
[INFO] 13:18:41:604 Game-watch-client/(27304:27304): hola
[INFO] 13:26:02:920 Game-watch-client/(27463:27463): Programa TP0 iniciado
[INFO] 13:26:17:300 Game-watch-client/(27463:27463): altoMensaje
[INFO] 13:28:37:16 Game-watch-client/(27522:27522): Programa TP0 iniciado
[INFO] 13:28:42:500 Game-watch-client/(27522:27522): hola
[INFO] 13:32:36:432 Game-watch-client/(27607:27607): Programa TP0 iniciado
[INFO] 13:32:39:905 Game-watch-client/(27607:27607): °×s·°×s·
[INFO] 13:33:19:763 Game-watch-client/(27663:27663): Programa TP0 iniciado
[INFO] 13:33:22:577 Game-watch-client/(27663:27663): hola
[INFO] 13:34:10:851 Game-watch-client/(27712:27712): Programa TP0 iniciado
[INFO] 13:34:15:959 Game-watch-client/(27712:27712): 
